2016-10-05 09:55:14,011 [Worker-6] INFO  c.g.t.t.d.PublishedGradleVersions - Gradle version information cache is out-of-date. Trying to update.
2016-10-06 11:25:56,009 [Worker-7] INFO  c.g.t.t.d.PublishedGradleVersions - Gradle version information cache is out-of-date. Trying to update.
2016-10-06 14:30:50,731 [ModalContext] INFO  o.e.m.c.i.e.AbstractTransferListenerAdapter - Downloading https://repo.maven.apache.org/maven2/org/apache/maven/archetypes/maven-archetype-quickstart/1.1/maven-archetype-quickstart-1.1.jar
2016-10-06 14:30:50,962 [ModalContext] INFO  o.e.m.c.i.e.AbstractTransferListenerAdapter - Downloaded https://repo.maven.apache.org/maven2/org/apache/maven/archetypes/maven-archetype-quickstart/1.1/maven-archetype-quickstart-1.1.jar
2016-10-06 14:30:51,198 [ModalContext] INFO  o.e.m.c.i.e.AbstractTransferListenerAdapter - Downloading https://repo.maven.apache.org/maven2/org/apache/maven/archetypes/maven-archetype-quickstart/1.1/maven-archetype-quickstart-1.1.pom
2016-10-06 14:30:51,384 [ModalContext] INFO  o.e.m.c.i.e.AbstractTransferListenerAdapter - Downloaded https://repo.maven.apache.org/maven2/org/apache/maven/archetypes/maven-archetype-quickstart/1.1/maven-archetype-quickstart-1.1.pom
2016-10-06 14:31:53,828 [Worker-58] INFO  o.e.m.c.i.l.LifecycleMappingFactory - Using org.eclipse.m2e.jdt.JarLifecycleMapping lifecycle mapping for MavenProject: Chien_Bai1_Part3:Chien_Bai1_Part3:0.0.1-SNAPSHOT @ /home/lhhoang/eclipse/jee-neon/neon_workspace/Chien_Bai1_Part3/pom.xml.
2016-10-06 14:31:55,228 [Worker-66] WARN  o.e.m.c.i.embedder.EclipseLogger - Using platform encoding (UTF-8 actually) to copy filtered resources, i.e. build is platform dependent!
2016-10-06 14:31:55,229 [Worker-66] INFO  o.e.m.c.i.embedder.EclipseLogger - skip non existing resourceDirectory /home/lhhoang/eclipse/jee-neon/neon_workspace/Chien_Bai1_Part3/src/main/resources
2016-10-06 14:31:55,231 [Worker-66] WARN  o.e.m.c.i.embedder.EclipseLogger - Using platform encoding (UTF-8 actually) to copy filtered resources, i.e. build is platform dependent!
2016-10-06 14:31:55,231 [Worker-66] INFO  o.e.m.c.i.embedder.EclipseLogger - skip non existing resourceDirectory /home/lhhoang/eclipse/jee-neon/neon_workspace/Chien_Bai1_Part3/src/test/resources
2016-10-06 14:31:55,245 [Worker-58] INFO  o.e.m.j.i.AbstractJavaProjectConfigurator - Adding source folder /Chien_Bai1_Part3/src
2016-10-06 14:31:55,245 [Worker-58] INFO  o.e.m.j.i.AbstractJavaProjectConfigurator - Not adding source folder /Chien_Bai1_Part3/src/test/java because it overlaps with /Chien_Bai1_Part3/src
2016-10-06 14:31:55,354 [Worker-58] INFO  o.e.m.c.i.p.ProjectConfigurationManager - Update started
2016-10-06 14:31:55,910 [Worker-58] INFO  o.e.m.c.i.l.LifecycleMappingFactory - Using org.eclipse.m2e.jdt.JarLifecycleMapping lifecycle mapping for MavenProject: Chien_Bai1_Part3:Chien_Bai1_Part3:0.0.1-SNAPSHOT @ /home/lhhoang/eclipse/jee-neon/neon_workspace/Chien_Bai1_Part3/pom.xml.
2016-10-06 14:31:56,332 [Worker-58] INFO  o.e.m.j.i.AbstractJavaProjectConfigurator - Adding source folder /Chien_Bai1_Part3/src
2016-10-06 14:31:56,332 [Worker-58] INFO  o.e.m.j.i.AbstractJavaProjectConfigurator - Not adding source folder /Chien_Bai1_Part3/src/test/java because it overlaps with /Chien_Bai1_Part3/src
2016-10-06 14:31:56,387 [Worker-58] INFO  o.e.m.c.i.p.ProjectConfigurationManager - Update completed: 1 sec
2016-10-06 14:31:56,569 [Worker-57] WARN  o.e.m.c.i.embedder.EclipseLogger - Using platform encoding (UTF-8 actually) to copy filtered resources, i.e. build is platform dependent!
2016-10-06 14:31:56,570 [Worker-57] INFO  o.e.m.c.i.embedder.EclipseLogger - skip non existing resourceDirectory /home/lhhoang/eclipse/jee-neon/neon_workspace/Chien_Bai1_Part3/src/main/resources
2016-10-06 14:31:56,573 [Worker-57] WARN  o.e.m.c.i.embedder.EclipseLogger - Using platform encoding (UTF-8 actually) to copy filtered resources, i.e. build is platform dependent!
2016-10-06 14:31:56,573 [Worker-57] INFO  o.e.m.c.i.embedder.EclipseLogger - skip non existing resourceDirectory /home/lhhoang/eclipse/jee-neon/neon_workspace/Chien_Bai1_Part3/src/test/resources
2016-10-06 14:32:31,852 [main] WARN  o.e.m.c.u.i.a.EnableNatureAction - Skipping project Chien_Bai2_Part3, no pom.xml file present, no reason to have maven nature enabled
2016-10-06 14:32:31,853 [main] WARN  o.e.m.c.u.i.a.EnableNatureAction - Skipping project Danh_Part_3_Bai_1, no pom.xml file present, no reason to have maven nature enabled
2016-10-06 14:32:31,853 [main] WARN  o.e.m.c.u.i.a.EnableNatureAction - Skipping project Danh_Part_3_Bai_2, no pom.xml file present, no reason to have maven nature enabled
2016-10-06 14:32:31,853 [main] WARN  o.e.m.c.u.i.a.EnableNatureAction - Skipping project Hoang_Part_3_Bai_1, no pom.xml file present, no reason to have maven nature enabled
2016-10-06 14:32:31,854 [main] WARN  o.e.m.c.u.i.a.EnableNatureAction - Skipping project Hung_Part_3_Bai_2, no pom.xml file present, no reason to have maven nature enabled
2016-10-06 14:32:31,854 [main] WARN  o.e.m.c.u.i.a.EnableNatureAction - Skipping project Phu_Bai1_Part3, no pom.xml file present, no reason to have maven nature enabled
2016-10-06 14:32:31,855 [main] WARN  o.e.m.c.u.i.a.EnableNatureAction - Skipping project Phu_Bai2_Part3, no pom.xml file present, no reason to have maven nature enabled
2016-10-06 14:32:31,855 [main] WARN  o.e.m.c.u.i.a.EnableNatureAction - Skipping project VXT_Part3_bai2, no pom.xml file present, no reason to have maven nature enabled
2016-10-06 14:32:44,239 [Worker-66] INFO  o.e.m.c.i.l.LifecycleMappingFactory - Using org.eclipse.m2e.jdt.JarLifecycleMapping lifecycle mapping for MavenProject: Chien_Bai2_Part3:Chien_Bai2_Part3:0.0.1-SNAPSHOT @ /home/lhhoang/eclipse/jee-neon/neon_workspace/Chien_Bai2_Part3/pom.xml.
2016-10-06 14:32:44,574 [Worker-66] INFO  o.e.m.j.i.AbstractJavaProjectConfigurator - Adding source folder /Chien_Bai2_Part3/src
2016-10-06 14:32:44,575 [Worker-66] INFO  o.e.m.j.i.AbstractJavaProjectConfigurator - Not adding source folder /Chien_Bai2_Part3/src/test/java because it overlaps with /Chien_Bai2_Part3/src
2016-10-06 14:32:44,654 [Worker-66] INFO  o.e.m.c.i.p.ProjectConfigurationManager - Update started
2016-10-06 14:32:44,704 [Worker-66] INFO  o.e.m.c.i.l.LifecycleMappingFactory - Using org.eclipse.m2e.jdt.JarLifecycleMapping lifecycle mapping for MavenProject: Chien_Bai2_Part3:Chien_Bai2_Part3:0.0.1-SNAPSHOT @ /home/lhhoang/eclipse/jee-neon/neon_workspace/Chien_Bai2_Part3/pom.xml.
2016-10-06 14:32:44,810 [Worker-66] INFO  o.e.m.j.i.AbstractJavaProjectConfigurator - Adding source folder /Chien_Bai2_Part3/src
2016-10-06 14:32:44,812 [Worker-66] INFO  o.e.m.j.i.AbstractJavaProjectConfigurator - Not adding source folder /Chien_Bai2_Part3/src/test/java because it overlaps with /Chien_Bai2_Part3/src
2016-10-06 14:32:44,859 [Worker-66] INFO  o.e.m.c.i.p.ProjectConfigurationManager - Update completed: 0 sec
2016-10-06 14:32:45,160 [Worker-58] WARN  o.e.m.c.i.embedder.EclipseLogger - Using platform encoding (UTF-8 actually) to copy filtered resources, i.e. build is platform dependent!
2016-10-06 14:32:45,161 [Worker-58] INFO  o.e.m.c.i.embedder.EclipseLogger - skip non existing resourceDirectory /home/lhhoang/eclipse/jee-neon/neon_workspace/Chien_Bai2_Part3/src/main/resources
2016-10-06 14:32:45,162 [Worker-58] WARN  o.e.m.c.i.embedder.EclipseLogger - Using platform encoding (UTF-8 actually) to copy filtered resources, i.e. build is platform dependent!
2016-10-06 14:32:45,163 [Worker-58] INFO  o.e.m.c.i.embedder.EclipseLogger - skip non existing resourceDirectory /home/lhhoang/eclipse/jee-neon/neon_workspace/Chien_Bai2_Part3/src/test/resources
2016-10-06 14:32:52,036 [Worker-58] INFO  o.e.m.c.i.l.LifecycleMappingFactory - Using org.eclipse.m2e.jdt.JarLifecycleMapping lifecycle mapping for MavenProject: Danh_Part_3_Bai_1:Danh_Part_3_Bai_1:0.0.1-SNAPSHOT @ /home/lhhoang/eclipse/jee-neon/neon_workspace/Danh_Part_3_Bai_1/pom.xml.
2016-10-06 14:32:52,355 [Worker-58] INFO  o.e.m.j.i.AbstractJavaProjectConfigurator - Adding source folder /Danh_Part_3_Bai_1/src
2016-10-06 14:32:52,355 [Worker-58] INFO  o.e.m.j.i.AbstractJavaProjectConfigurator - Not adding source folder /Danh_Part_3_Bai_1/src/test/java because it overlaps with /Danh_Part_3_Bai_1/src
2016-10-06 14:32:52,397 [Worker-58] INFO  o.e.m.c.i.p.ProjectConfigurationManager - Update started
2016-10-06 14:32:52,462 [Worker-58] INFO  o.e.m.c.i.l.LifecycleMappingFactory - Using org.eclipse.m2e.jdt.JarLifecycleMapping lifecycle mapping for MavenProject: Danh_Part_3_Bai_1:Danh_Part_3_Bai_1:0.0.1-SNAPSHOT @ /home/lhhoang/eclipse/jee-neon/neon_workspace/Danh_Part_3_Bai_1/pom.xml.
2016-10-06 14:32:52,547 [Worker-58] INFO  o.e.m.j.i.AbstractJavaProjectConfigurator - Adding source folder /Danh_Part_3_Bai_1/src
2016-10-06 14:32:52,547 [Worker-58] INFO  o.e.m.j.i.AbstractJavaProjectConfigurator - Not adding source folder /Danh_Part_3_Bai_1/src/test/java because it overlaps with /Danh_Part_3_Bai_1/src
2016-10-06 14:32:52,590 [Worker-58] INFO  o.e.m.c.i.p.ProjectConfigurationManager - Update completed: 0 sec
2016-10-06 14:32:52,870 [Worker-67] WARN  o.e.m.c.i.embedder.EclipseLogger - Using platform encoding (UTF-8 actually) to copy filtered resources, i.e. build is platform dependent!
2016-10-06 14:32:52,872 [Worker-67] INFO  o.e.m.c.i.embedder.EclipseLogger - skip non existing resourceDirectory /home/lhhoang/eclipse/jee-neon/neon_workspace/Danh_Part_3_Bai_1/src/main/resources
2016-10-06 14:32:52,875 [Worker-67] WARN  o.e.m.c.i.embedder.EclipseLogger - Using platform encoding (UTF-8 actually) to copy filtered resources, i.e. build is platform dependent!
2016-10-06 14:32:52,876 [Worker-67] INFO  o.e.m.c.i.embedder.EclipseLogger - skip non existing resourceDirectory /home/lhhoang/eclipse/jee-neon/neon_workspace/Danh_Part_3_Bai_1/src/test/resources
2016-10-06 14:33:03,878 [Worker-68] INFO  o.e.m.c.i.l.LifecycleMappingFactory - Using org.eclipse.m2e.jdt.JarLifecycleMapping lifecycle mapping for MavenProject: Danh_Part_3_Bai_2:Danh_Part_3_Bai_2:0.0.1-SNAPSHOT @ /home/lhhoang/eclipse/jee-neon/neon_workspace/Danh_Part_3_Bai_2/pom.xml.
2016-10-06 14:33:04,174 [Worker-68] INFO  o.e.m.j.i.AbstractJavaProjectConfigurator - Adding source folder /Danh_Part_3_Bai_2/src
2016-10-06 14:33:04,174 [Worker-68] INFO  o.e.m.j.i.AbstractJavaProjectConfigurator - Not adding source folder /Danh_Part_3_Bai_2/src/test/java because it overlaps with /Danh_Part_3_Bai_2/src
2016-10-06 14:33:04,209 [Worker-68] INFO  o.e.m.c.i.p.ProjectConfigurationManager - Update started
2016-10-06 14:33:04,261 [Worker-68] INFO  o.e.m.c.i.l.LifecycleMappingFactory - Using org.eclipse.m2e.jdt.JarLifecycleMapping lifecycle mapping for MavenProject: Danh_Part_3_Bai_2:Danh_Part_3_Bai_2:0.0.1-SNAPSHOT @ /home/lhhoang/eclipse/jee-neon/neon_workspace/Danh_Part_3_Bai_2/pom.xml.
2016-10-06 14:33:04,343 [Worker-68] INFO  o.e.m.j.i.AbstractJavaProjectConfigurator - Adding source folder /Danh_Part_3_Bai_2/src
2016-10-06 14:33:04,343 [Worker-68] INFO  o.e.m.j.i.AbstractJavaProjectConfigurator - Not adding source folder /Danh_Part_3_Bai_2/src/test/java because it overlaps with /Danh_Part_3_Bai_2/src
2016-10-06 14:33:04,385 [Worker-68] INFO  o.e.m.c.i.p.ProjectConfigurationManager - Update completed: 0 sec
2016-10-06 14:33:04,629 [Worker-71] WARN  o.e.m.c.i.embedder.EclipseLogger - Using platform encoding (UTF-8 actually) to copy filtered resources, i.e. build is platform dependent!
2016-10-06 14:33:04,630 [Worker-71] INFO  o.e.m.c.i.embedder.EclipseLogger - skip non existing resourceDirectory /home/lhhoang/eclipse/jee-neon/neon_workspace/Danh_Part_3_Bai_2/src/main/resources
2016-10-06 14:33:04,631 [Worker-71] WARN  o.e.m.c.i.embedder.EclipseLogger - Using platform encoding (UTF-8 actually) to copy filtered resources, i.e. build is platform dependent!
2016-10-06 14:33:04,632 [Worker-71] INFO  o.e.m.c.i.embedder.EclipseLogger - skip non existing resourceDirectory /home/lhhoang/eclipse/jee-neon/neon_workspace/Danh_Part_3_Bai_2/src/test/resources
2016-10-06 14:33:10,222 [Worker-66] INFO  o.e.m.c.i.l.LifecycleMappingFactory - Using org.eclipse.m2e.jdt.JarLifecycleMapping lifecycle mapping for MavenProject: Hoang_Part_3_Bai_1:Hoang_Part_3_Bai_1:0.0.1-SNAPSHOT @ /home/lhhoang/eclipse/jee-neon/neon_workspace/Hoang_Part_3_Bai_1/pom.xml.
2016-10-06 14:33:11,134 [Worker-66] INFO  o.e.m.j.i.AbstractJavaProjectConfigurator - Adding source folder /Hoang_Part_3_Bai_1/src
2016-10-06 14:33:11,168 [Worker-66] INFO  o.e.m.j.i.AbstractJavaProjectConfigurator - Not adding source folder /Hoang_Part_3_Bai_1/src/test/java because it overlaps with /Hoang_Part_3_Bai_1/src
2016-10-06 14:33:11,200 [Worker-66] INFO  o.e.m.c.i.p.ProjectConfigurationManager - Update started
2016-10-06 14:33:11,558 [Worker-66] INFO  o.e.m.c.i.l.LifecycleMappingFactory - Using org.eclipse.m2e.jdt.JarLifecycleMapping lifecycle mapping for MavenProject: Hoang_Part_3_Bai_1:Hoang_Part_3_Bai_1:0.0.1-SNAPSHOT @ /home/lhhoang/eclipse/jee-neon/neon_workspace/Hoang_Part_3_Bai_1/pom.xml.
2016-10-06 14:33:11,929 [Worker-66] INFO  o.e.m.j.i.AbstractJavaProjectConfigurator - Adding source folder /Hoang_Part_3_Bai_1/src
2016-10-06 14:33:11,930 [Worker-66] INFO  o.e.m.j.i.AbstractJavaProjectConfigurator - Not adding source folder /Hoang_Part_3_Bai_1/src/test/java because it overlaps with /Hoang_Part_3_Bai_1/src
2016-10-06 14:33:11,966 [Worker-66] INFO  o.e.m.c.i.p.ProjectConfigurationManager - Update completed: 0 sec
2016-10-06 14:33:12,429 [Worker-70] WARN  o.e.m.c.i.embedder.EclipseLogger - Using platform encoding (UTF-8 actually) to copy filtered resources, i.e. build is platform dependent!
2016-10-06 14:33:12,429 [Worker-70] INFO  o.e.m.c.i.embedder.EclipseLogger - skip non existing resourceDirectory /home/lhhoang/eclipse/jee-neon/neon_workspace/Hoang_Part_3_Bai_1/src/main/resources
2016-10-06 14:33:12,432 [Worker-70] WARN  o.e.m.c.i.embedder.EclipseLogger - Using platform encoding (UTF-8 actually) to copy filtered resources, i.e. build is platform dependent!
2016-10-06 14:33:12,432 [Worker-70] INFO  o.e.m.c.i.embedder.EclipseLogger - skip non existing resourceDirectory /home/lhhoang/eclipse/jee-neon/neon_workspace/Hoang_Part_3_Bai_1/src/test/resources
2016-10-06 14:33:16,099 [Worker-58] INFO  o.e.m.c.i.l.LifecycleMappingFactory - Using org.eclipse.m2e.jdt.JarLifecycleMapping lifecycle mapping for MavenProject: Phu_Bai1_Part3:Phu_Bai1_Part3:0.0.1-SNAPSHOT @ /home/lhhoang/eclipse/jee-neon/neon_workspace/Phu_Bai1_Part3/pom.xml.
2016-10-06 14:33:16,470 [Worker-58] INFO  o.e.m.j.i.AbstractJavaProjectConfigurator - Adding source folder /Phu_Bai1_Part3/src
2016-10-06 14:33:16,471 [Worker-58] INFO  o.e.m.j.i.AbstractJavaProjectConfigurator - Not adding source folder /Phu_Bai1_Part3/src/test/java because it overlaps with /Phu_Bai1_Part3/src
2016-10-06 14:33:16,508 [Worker-58] INFO  o.e.m.c.i.p.ProjectConfigurationManager - Update started
2016-10-06 14:33:16,923 [Worker-58] INFO  o.e.m.c.i.l.LifecycleMappingFactory - Using org.eclipse.m2e.jdt.JarLifecycleMapping lifecycle mapping for MavenProject: Phu_Bai1_Part3:Phu_Bai1_Part3:0.0.1-SNAPSHOT @ /home/lhhoang/eclipse/jee-neon/neon_workspace/Phu_Bai1_Part3/pom.xml.
2016-10-06 14:33:16,989 [Worker-58] INFO  o.e.m.j.i.AbstractJavaProjectConfigurator - Adding source folder /Phu_Bai1_Part3/src
2016-10-06 14:33:16,989 [Worker-58] INFO  o.e.m.j.i.AbstractJavaProjectConfigurator - Not adding source folder /Phu_Bai1_Part3/src/test/java because it overlaps with /Phu_Bai1_Part3/src
2016-10-06 14:33:17,032 [Worker-58] INFO  o.e.m.c.i.p.ProjectConfigurationManager - Update completed: 0 sec
2016-10-06 14:33:17,232 [Worker-66] WARN  o.e.m.c.i.embedder.EclipseLogger - Using platform encoding (UTF-8 actually) to copy filtered resources, i.e. build is platform dependent!
2016-10-06 14:33:17,232 [Worker-66] INFO  o.e.m.c.i.embedder.EclipseLogger - skip non existing resourceDirectory /home/lhhoang/eclipse/jee-neon/neon_workspace/Phu_Bai1_Part3/src/main/resources
2016-10-06 14:33:17,239 [Worker-66] WARN  o.e.m.c.i.embedder.EclipseLogger - Using platform encoding (UTF-8 actually) to copy filtered resources, i.e. build is platform dependent!
2016-10-06 14:33:17,239 [Worker-66] INFO  o.e.m.c.i.embedder.EclipseLogger - skip non existing resourceDirectory /home/lhhoang/eclipse/jee-neon/neon_workspace/Phu_Bai1_Part3/src/test/resources
2016-10-06 14:33:21,182 [Worker-66] INFO  o.e.m.c.i.l.LifecycleMappingFactory - Using org.eclipse.m2e.jdt.JarLifecycleMapping lifecycle mapping for MavenProject: Phu_Bai2_Part3:Phu_Bai2_Part3:0.0.1-SNAPSHOT @ /home/lhhoang/eclipse/jee-neon/neon_workspace/Phu_Bai2_Part3/pom.xml.
2016-10-06 14:33:21,480 [Worker-66] INFO  o.e.m.j.i.AbstractJavaProjectConfigurator - Adding source folder /Phu_Bai2_Part3/src
2016-10-06 14:33:21,480 [Worker-66] INFO  o.e.m.j.i.AbstractJavaProjectConfigurator - Not adding source folder /Phu_Bai2_Part3/src/test/java because it overlaps with /Phu_Bai2_Part3/src
2016-10-06 14:33:21,525 [Worker-66] INFO  o.e.m.c.i.p.ProjectConfigurationManager - Update started
2016-10-06 14:33:21,964 [Worker-66] INFO  o.e.m.c.i.l.LifecycleMappingFactory - Using org.eclipse.m2e.jdt.JarLifecycleMapping lifecycle mapping for MavenProject: Phu_Bai2_Part3:Phu_Bai2_Part3:0.0.1-SNAPSHOT @ /home/lhhoang/eclipse/jee-neon/neon_workspace/Phu_Bai2_Part3/pom.xml.
2016-10-06 14:33:22,027 [Worker-66] INFO  o.e.m.j.i.AbstractJavaProjectConfigurator - Adding source folder /Phu_Bai2_Part3/src
2016-10-06 14:33:22,027 [Worker-66] INFO  o.e.m.j.i.AbstractJavaProjectConfigurator - Not adding source folder /Phu_Bai2_Part3/src/test/java because it overlaps with /Phu_Bai2_Part3/src
2016-10-06 14:33:22,077 [Worker-66] INFO  o.e.m.c.i.p.ProjectConfigurationManager - Update completed: 0 sec
2016-10-06 14:33:22,288 [Worker-70] WARN  o.e.m.c.i.embedder.EclipseLogger - Using platform encoding (UTF-8 actually) to copy filtered resources, i.e. build is platform dependent!
2016-10-06 14:33:22,289 [Worker-70] INFO  o.e.m.c.i.embedder.EclipseLogger - skip non existing resourceDirectory /home/lhhoang/eclipse/jee-neon/neon_workspace/Phu_Bai2_Part3/src/main/resources
2016-10-06 14:33:22,291 [Worker-70] WARN  o.e.m.c.i.embedder.EclipseLogger - Using platform encoding (UTF-8 actually) to copy filtered resources, i.e. build is platform dependent!
2016-10-06 14:33:22,291 [Worker-70] INFO  o.e.m.c.i.embedder.EclipseLogger - skip non existing resourceDirectory /home/lhhoang/eclipse/jee-neon/neon_workspace/Phu_Bai2_Part3/src/test/resources
2016-10-06 14:33:26,055 [Worker-58] INFO  o.e.m.c.i.l.LifecycleMappingFactory - Using org.eclipse.m2e.jdt.JarLifecycleMapping lifecycle mapping for MavenProject: VXT_Part3_bai2:VXT_Part3_bai2:0.0.1-SNAPSHOT @ /home/lhhoang/eclipse/jee-neon/neon_workspace/VXT_Part3_bai2/pom.xml.
2016-10-06 14:33:26,439 [Worker-58] INFO  o.e.m.j.i.AbstractJavaProjectConfigurator - Adding source folder /VXT_Part3_bai2/src
2016-10-06 14:33:26,439 [Worker-58] INFO  o.e.m.j.i.AbstractJavaProjectConfigurator - Not adding source folder /VXT_Part3_bai2/src/test/java because it overlaps with /VXT_Part3_bai2/src
2016-10-06 14:33:26,490 [Worker-58] INFO  o.e.m.c.i.p.ProjectConfigurationManager - Update started
2016-10-06 14:33:26,769 [Worker-58] INFO  o.e.m.c.i.l.LifecycleMappingFactory - Using org.eclipse.m2e.jdt.JarLifecycleMapping lifecycle mapping for MavenProject: VXT_Part3_bai2:VXT_Part3_bai2:0.0.1-SNAPSHOT @ /home/lhhoang/eclipse/jee-neon/neon_workspace/VXT_Part3_bai2/pom.xml.
2016-10-06 14:33:26,831 [Worker-58] INFO  o.e.m.j.i.AbstractJavaProjectConfigurator - Adding source folder /VXT_Part3_bai2/src
2016-10-06 14:33:26,832 [Worker-58] INFO  o.e.m.j.i.AbstractJavaProjectConfigurator - Not adding source folder /VXT_Part3_bai2/src/test/java because it overlaps with /VXT_Part3_bai2/src
2016-10-06 14:33:26,859 [Worker-58] INFO  o.e.m.c.i.p.ProjectConfigurationManager - Update completed: 0 sec
2016-10-06 14:33:27,093 [Worker-58] WARN  o.e.m.c.i.embedder.EclipseLogger - Using platform encoding (UTF-8 actually) to copy filtered resources, i.e. build is platform dependent!
2016-10-06 14:33:27,093 [Worker-58] INFO  o.e.m.c.i.embedder.EclipseLogger - skip non existing resourceDirectory /home/lhhoang/eclipse/jee-neon/neon_workspace/VXT_Part3_bai2/src/main/resources
2016-10-06 14:33:27,096 [Worker-58] WARN  o.e.m.c.i.embedder.EclipseLogger - Using platform encoding (UTF-8 actually) to copy filtered resources, i.e. build is platform dependent!
2016-10-06 14:33:27,096 [Worker-58] INFO  o.e.m.c.i.embedder.EclipseLogger - skip non existing resourceDirectory /home/lhhoang/eclipse/jee-neon/neon_workspace/VXT_Part3_bai2/src/test/resources
2016-10-06 14:33:32,044 [Worker-72] INFO  o.e.m.c.i.l.LifecycleMappingFactory - Using org.eclipse.m2e.jdt.JarLifecycleMapping lifecycle mapping for MavenProject: Hung_Part_3_Bai_2:Hung_Part_3_Bai_2:0.0.1-SNAPSHOT @ /home/lhhoang/eclipse/jee-neon/neon_workspace/Hung_Part_3_Bai_2/pom.xml.
2016-10-06 14:33:32,358 [Worker-72] INFO  o.e.m.j.i.AbstractJavaProjectConfigurator - Adding source folder /Hung_Part_3_Bai_2/src
2016-10-06 14:33:32,358 [Worker-72] INFO  o.e.m.j.i.AbstractJavaProjectConfigurator - Not adding source folder /Hung_Part_3_Bai_2/src/test/java because it overlaps with /Hung_Part_3_Bai_2/src
2016-10-06 14:33:32,385 [Worker-72] INFO  o.e.m.c.i.p.ProjectConfigurationManager - Update started
2016-10-06 14:33:32,724 [Worker-72] INFO  o.e.m.c.i.l.LifecycleMappingFactory - Using org.eclipse.m2e.jdt.JarLifecycleMapping lifecycle mapping for MavenProject: Hung_Part_3_Bai_2:Hung_Part_3_Bai_2:0.0.1-SNAPSHOT @ /home/lhhoang/eclipse/jee-neon/neon_workspace/Hung_Part_3_Bai_2/pom.xml.
2016-10-06 14:33:32,777 [Worker-72] INFO  o.e.m.j.i.AbstractJavaProjectConfigurator - Adding source folder /Hung_Part_3_Bai_2/src
2016-10-06 14:33:32,785 [Worker-72] INFO  o.e.m.j.i.AbstractJavaProjectConfigurator - Not adding source folder /Hung_Part_3_Bai_2/src/test/java because it overlaps with /Hung_Part_3_Bai_2/src
2016-10-06 14:33:32,838 [Worker-72] INFO  o.e.m.c.i.p.ProjectConfigurationManager - Update completed: 0 sec
2016-10-06 14:33:32,973 [Worker-67] WARN  o.e.m.c.i.embedder.EclipseLogger - Using platform encoding (UTF-8 actually) to copy filtered resources, i.e. build is platform dependent!
2016-10-06 14:33:32,975 [Worker-67] INFO  o.e.m.c.i.embedder.EclipseLogger - skip non existing resourceDirectory /home/lhhoang/eclipse/jee-neon/neon_workspace/Hung_Part_3_Bai_2/src/main/resources
2016-10-06 14:33:33,005 [Worker-67] WARN  o.e.m.c.i.embedder.EclipseLogger - Using platform encoding (UTF-8 actually) to copy filtered resources, i.e. build is platform dependent!
2016-10-06 14:33:33,006 [Worker-67] INFO  o.e.m.c.i.embedder.EclipseLogger - skip non existing resourceDirectory /home/lhhoang/eclipse/jee-neon/neon_workspace/Hung_Part_3_Bai_2/src/test/resources
